Copyright 1986-2022 Xilinx, Inc. All Rights Reserved. Copyright 2022-2024 Advanced Micro Devices, Inc. All Rights Reserved.
--------------------------------------------------------------------------------------------------------------------------------------------------------------
| Tool Version : Vivado v.2024.2 (lin64) Build 5239630 Fri Nov 08 22:34:34 MST 2024
| Date         : Tue Mar 31 15:14:19 2026
| Host         : kimyujeong-IdeaPad-1-15ALC7 running 64-bit Ubuntu 24.04.3 LTS
| Command      : report_methodology -file pong_top_methodology_drc_routed.rpt -pb pong_top_methodology_drc_routed.pb -rpx pong_top_methodology_drc_routed.rpx
| Design       : pong_top
| Device       : xc7a35tcpg236-1
| Speed File   : -1
| Design State : Fully Routed
--------------------------------------------------------------------------------------------------------------------------------------------------------------

Report Methodology

Table of Contents
-----------------
1. REPORT SUMMARY
2. REPORT DETAILS

1. REPORT SUMMARY
-----------------
            Netlist: netlist
          Floorplan: design_1
      Design limits: <entire design considered>
             Max checks: <unlimited>
             Checks found: 90
+-----------+----------+-----------------------+--------+
| Rule      | Severity | Description           | Checks |
+-----------+----------+-----------------------+--------+
| TIMING-16 | Warning  | Large setup violation | 90     |
+-----------+----------+-----------------------+--------+

2. REPORT DETAILS
-----------------
TIMING-16#1 Warning
Large setup violation  
There is a large setup violation of -25.352 ns between b1_dx_reg[4]/C (clocked by clk_25M) and p2_y_reg[11]_rep__0/D (clocked by clk_25M). Large setup violations at the end of those stages might be difficult to fix during the post-placement implementation flow and could be the result of non-optimal XDC constraints or non-optimal design architecture
Related violations: <none>

TIMING-16#2 Warning
Large setup violation  
There is a large setup violation of -25.444 ns between b1_dx_reg[4]/C (clocked by clk_25M) and p2_y_reg[11]_rep__11/D (clocked by clk_25M). Large setup violations at the end of those stages might be difficult to fix during the post-placement implementation flow and could be the result of non-optimal XDC constraints or non-optimal design architecture
Related violations: <none>

TIMING-16#3 Warning
Large setup violation  
There is a large setup violation of -25.486 ns between b1_dx_reg[4]/C (clocked by clk_25M) and p2_y_reg[11]_rep__9/D (clocked by clk_25M). Large setup violations at the end of those stages might be difficult to fix during the post-placement implementation flow and could be the result of non-optimal XDC constraints or non-optimal design architecture
Related violations: <none>

TIMING-16#4 Warning
Large setup violation  
There is a large setup violation of -25.487 ns between b1_dx_reg[4]/C (clocked by clk_25M) and p2_y_reg[11]_rep_rep__6/D (clocked by clk_25M). Large setup violations at the end of those stages might be difficult to fix during the post-placement implementation flow and could be the result of non-optimal XDC constraints or non-optimal design architecture
Related violations: <none>

TIMING-16#5 Warning
Large setup violation  
There is a large setup violation of -25.542 ns between b1_dx_reg[4]/C (clocked by clk_25M) and p2_y_reg[11]_rep__8/D (clocked by clk_25M). Large setup violations at the end of those stages might be difficult to fix during the post-placement implementation flow and could be the result of non-optimal XDC constraints or non-optimal design architecture
Related violations: <none>

TIMING-16#6 Warning
Large setup violation  
There is a large setup violation of -25.556 ns between b1_dx_reg[4]/C (clocked by clk_25M) and p2_y_reg[11]_rep__10/D (clocked by clk_25M). Large setup violations at the end of those stages might be difficult to fix during the post-placement implementation flow and could be the result of non-optimal XDC constraints or non-optimal design architecture
Related violations: <none>

TIMING-16#7 Warning
Large setup violation  
There is a large setup violation of -25.576 ns between b1_dx_reg[4]/C (clocked by clk_25M) and p2_y_reg[5]/D (clocked by clk_25M). Large setup violations at the end of those stages might be difficult to fix during the post-placement implementation flow and could be the result of non-optimal XDC constraints or non-optimal design architecture
Related violations: <none>

TIMING-16#8 Warning
Large setup violation  
There is a large setup violation of -25.610 ns between b1_dx_reg[4]/C (clocked by clk_25M) and p2_y_reg[11]_rep_rep__8/D (clocked by clk_25M). Large setup violations at the end of those stages might be difficult to fix during the post-placement implementation flow and could be the result of non-optimal XDC constraints or non-optimal design architecture
Related violations: <none>

TIMING-16#9 Warning
Large setup violation  
There is a large setup violation of -25.671 ns between b1_dx_reg[4]/C (clocked by clk_25M) and p2_y_reg[11]_rep_rep__2/D (clocked by clk_25M). Large setup violations at the end of those stages might be difficult to fix during the post-placement implementation flow and could be the result of non-optimal XDC constraints or non-optimal design architecture
Related violations: <none>

TIMING-16#10 Warning
Large setup violation  
There is a large setup violation of -25.676 ns between b1_dx_reg[4]/C (clocked by clk_25M) and p2_y_reg[11]_rep__3/D (clocked by clk_25M). Large setup violations at the end of those stages might be difficult to fix during the post-placement implementation flow and could be the result of non-optimal XDC constraints or non-optimal design architecture
Related violations: <none>

TIMING-16#11 Warning
Large setup violation  
There is a large setup violation of -25.719 ns between b1_dx_reg[4]/C (clocked by clk_25M) and p2_y_reg[11]_rep_rep__7/D (clocked by clk_25M). Large setup violations at the end of those stages might be difficult to fix during the post-placement implementation flow and could be the result of non-optimal XDC constraints or non-optimal design architecture
Related violations: <none>

TIMING-16#12 Warning
Large setup violation  
There is a large setup violation of -25.737 ns between b1_dx_reg[4]/C (clocked by clk_25M) and p2_y_reg[11]_rep/D (clocked by clk_25M). Large setup violations at the end of those stages might be difficult to fix during the post-placement implementation flow and could be the result of non-optimal XDC constraints or non-optimal design architecture
Related violations: <none>

TIMING-16#13 Warning
Large setup violation  
There is a large setup violation of -25.744 ns between b1_dx_reg[4]/C (clocked by clk_25M) and p2_y_reg[11]_rep_rep__9/D (clocked by clk_25M). Large setup violations at the end of those stages might be difficult to fix during the post-placement implementation flow and could be the result of non-optimal XDC constraints or non-optimal design architecture
Related violations: <none>

TIMING-16#14 Warning
Large setup violation  
There is a large setup violation of -25.751 ns between b1_dx_reg[4]/C (clocked by clk_25M) and p2_y_reg[0]/D (clocked by clk_25M). Large setup violations at the end of those stages might be difficult to fix during the post-placement implementation flow and could be the result of non-optimal XDC constraints or non-optimal design architecture
Related violations: <none>

TIMING-16#15 Warning
Large setup violation  
There is a large setup violation of -25.802 ns between b1_dx_reg[4]/C (clocked by clk_25M) and p2_y_reg[11]_rep__1/D (clocked by clk_25M). Large setup violations at the end of those stages might be difficult to fix during the post-placement implementation flow and could be the result of non-optimal XDC constraints or non-optimal design architecture
Related violations: <none>

TIMING-16#16 Warning
Large setup violation  
There is a large setup violation of -25.812 ns between b1_dx_reg[4]/C (clocked by clk_25M) and p2_y_reg[11]/D (clocked by clk_25M). Large setup violations at the end of those stages might be difficult to fix during the post-placement implementation flow and could be the result of non-optimal XDC constraints or non-optimal design architecture
Related violations: <none>

TIMING-16#17 Warning
Large setup violation  
There is a large setup violation of -25.829 ns between b1_dx_reg[4]/C (clocked by clk_25M) and p2_y_reg[11]_rep_rep__5/D (clocked by clk_25M). Large setup violations at the end of those stages might be difficult to fix during the post-placement implementation flow and could be the result of non-optimal XDC constraints or non-optimal design architecture
Related violations: <none>

TIMING-16#18 Warning
Large setup violation  
There is a large setup violation of -25.896 ns between b1_dx_reg[4]/C (clocked by clk_25M) and p2_y_reg[11]_rep_rep__0/D (clocked by clk_25M). Large setup violations at the end of those stages might be difficult to fix during the post-placement implementation flow and could be the result of non-optimal XDC constraints or non-optimal design architecture
Related violations: <none>

TIMING-16#19 Warning
Large setup violation  
There is a large setup violation of -25.901 ns between b1_dx_reg[4]/C (clocked by clk_25M) and p2_y_reg[11]_rep__2/D (clocked by clk_25M). Large setup violations at the end of those stages might be difficult to fix during the post-placement implementation flow and could be the result of non-optimal XDC constraints or non-optimal design architecture
Related violations: <none>

TIMING-16#20 Warning
Large setup violation  
There is a large setup violation of -25.924 ns between b1_dx_reg[4]/C (clocked by clk_25M) and p2_y_reg[11]_rep_rep__10/D (clocked by clk_25M). Large setup violations at the end of those stages might be difficult to fix during the post-placement implementation flow and could be the result of non-optimal XDC constraints or non-optimal design architecture
Related violations: <none>

TIMING-16#21 Warning
Large setup violation  
There is a large setup violation of -25.936 ns between b1_dx_reg[4]/C (clocked by clk_25M) and p2_y_reg[11]_rep__7/D (clocked by clk_25M). Large setup violations at the end of those stages might be difficult to fix during the post-placement implementation flow and could be the result of non-optimal XDC constraints or non-optimal design architecture
Related violations: <none>

TIMING-16#22 Warning
Large setup violation  
There is a large setup violation of -25.946 ns between b1_dx_reg[4]/C (clocked by clk_25M) and p2_y_reg[2]/D (clocked by clk_25M). Large setup violations at the end of those stages might be difficult to fix during the post-placement implementation flow and could be the result of non-optimal XDC constraints or non-optimal design architecture
Related violations: <none>

TIMING-16#23 Warning
Large setup violation  
There is a large setup violation of -25.973 ns between b1_dx_reg[4]/C (clocked by clk_25M) and p2_y_reg[11]_rep__6/D (clocked by clk_25M). Large setup violations at the end of those stages might be difficult to fix during the post-placement implementation flow and could be the result of non-optimal XDC constraints or non-optimal design architecture
Related violations: <none>

TIMING-16#24 Warning
Large setup violation  
There is a large setup violation of -25.996 ns between b1_dx_reg[4]/C (clocked by clk_25M) and p2_y_reg[6]/D (clocked by clk_25M). Large setup violations at the end of those stages might be difficult to fix during the post-placement implementation flow and could be the result of non-optimal XDC constraints or non-optimal design architecture
Related violations: <none>

TIMING-16#25 Warning
Large setup violation  
There is a large setup violation of -26.017 ns between b1_dx_reg[4]/C (clocked by clk_25M) and p2_y_reg[11]_rep__5/D (clocked by clk_25M). Large setup violations at the end of those stages might be difficult to fix during the post-placement implementation flow and could be the result of non-optimal XDC constraints or non-optimal design architecture
Related violations: <none>

TIMING-16#26 Warning
Large setup violation  
There is a large setup violation of -26.057 ns between b1_dx_reg[4]/C (clocked by clk_25M) and p2_y_reg[11]_rep_rep__4/D (clocked by clk_25M). Large setup violations at the end of those stages might be difficult to fix during the post-placement implementation flow and could be the result of non-optimal XDC constraints or non-optimal design architecture
Related violations: <none>

TIMING-16#27 Warning
Large setup violation  
There is a large setup violation of -26.067 ns between b1_dx_reg[4]/C (clocked by clk_25M) and p2_y_reg[8]/D (clocked by clk_25M). Large setup violations at the end of those stages might be difficult to fix during the post-placement implementation flow and could be the result of non-optimal XDC constraints or non-optimal design architecture
Related violations: <none>

TIMING-16#28 Warning
Large setup violation  
There is a large setup violation of -26.068 ns between b1_dx_reg[4]/C (clocked by clk_25M) and p2_y_reg[9]/D (clocked by clk_25M). Large setup violations at the end of those stages might be difficult to fix during the post-placement implementation flow and could be the result of non-optimal XDC constraints or non-optimal design architecture
Related violations: <none>

TIMING-16#29 Warning
Large setup violation  
There is a large setup violation of -26.070 ns between b1_dx_reg[4]/C (clocked by clk_25M) and p2_y_reg[3]/D (clocked by clk_25M). Large setup violations at the end of those stages might be difficult to fix during the post-placement implementation flow and could be the result of non-optimal XDC constraints or non-optimal design architecture
Related violations: <none>

TIMING-16#30 Warning
Large setup violation  
There is a large setup violation of -26.077 ns between b1_dx_reg[4]/C (clocked by clk_25M) and p2_y_reg[11]_rep__13/D (clocked by clk_25M). Large setup violations at the end of those stages might be difficult to fix during the post-placement implementation flow and could be the result of non-optimal XDC constraints or non-optimal design architecture
Related violations: <none>

TIMING-16#31 Warning
Large setup violation  
There is a large setup violation of -26.080 ns between b1_dx_reg[4]/C (clocked by clk_25M) and p2_y_reg[11]_rep__12/D (clocked by clk_25M). Large setup violations at the end of those stages might be difficult to fix during the post-placement implementation flow and could be the result of non-optimal XDC constraints or non-optimal design architecture
Related violations: <none>

TIMING-16#32 Warning
Large setup violation  
There is a large setup violation of -26.093 ns between b1_dx_reg[4]/C (clocked by clk_25M) and p2_y_reg[11]_rep_rep/D (clocked by clk_25M). Large setup violations at the end of those stages might be difficult to fix during the post-placement implementation flow and could be the result of non-optimal XDC constraints or non-optimal design architecture
Related violations: <none>

TIMING-16#33 Warning
Large setup violation  
There is a large setup violation of -26.103 ns between b1_dx_reg[4]/C (clocked by clk_25M) and p2_y_reg[11]_rep_rep__3/D (clocked by clk_25M). Large setup violations at the end of those stages might be difficult to fix during the post-placement implementation flow and could be the result of non-optimal XDC constraints or non-optimal design architecture
Related violations: <none>

TIMING-16#34 Warning
Large setup violation  
There is a large setup violation of -26.113 ns between b1_dx_reg[4]/C (clocked by clk_25M) and p2_y_reg[4]/D (clocked by clk_25M). Large setup violations at the end of those stages might be difficult to fix during the post-placement implementation flow and could be the result of non-optimal XDC constraints or non-optimal design architecture
Related violations: <none>

TIMING-16#35 Warning
Large setup violation  
There is a large setup violation of -26.132 ns between b1_dx_reg[4]/C (clocked by clk_25M) and p2_y_reg[10]/D (clocked by clk_25M). Large setup violations at the end of those stages might be difficult to fix during the post-placement implementation flow and could be the result of non-optimal XDC constraints or non-optimal design architecture
Related violations: <none>

TIMING-16#36 Warning
Large setup violation  
There is a large setup violation of -26.133 ns between b1_dx_reg[4]/C (clocked by clk_25M) and p2_y_reg[7]/D (clocked by clk_25M). Large setup violations at the end of those stages might be difficult to fix during the post-placement implementation flow and could be the result of non-optimal XDC constraints or non-optimal design architecture
Related violations: <none>

TIMING-16#37 Warning
Large setup violation  
There is a large setup violation of -26.182 ns between b1_dx_reg[4]/C (clocked by clk_25M) and p2_y_reg[1]/D (clocked by clk_25M). Large setup violations at the end of those stages might be difficult to fix during the post-placement implementation flow and could be the result of non-optimal XDC constraints or non-optimal design architecture
Related violations: <none>

TIMING-16#38 Warning
Large setup violation  
There is a large setup violation of -26.187 ns between b1_dx_reg[4]/C (clocked by clk_25M) and p2_y_reg[11]_rep__9_replica/D (clocked by clk_25M). Large setup violations at the end of those stages might be difficult to fix during the post-placement implementation flow and could be the result of non-optimal XDC constraints or non-optimal design architecture
Related violations: <none>

TIMING-16#39 Warning
Large setup violation  
There is a large setup violation of -26.325 ns between b1_dx_reg[4]/C (clocked by clk_25M) and p2_y_reg[11]_rep_rep__8_replica/D (clocked by clk_25M). Large setup violations at the end of those stages might be difficult to fix during the post-placement implementation flow and could be the result of non-optimal XDC constraints or non-optimal design architecture
Related violations: <none>

TIMING-16#40 Warning
Large setup violation  
There is a large setup violation of -26.353 ns between b1_dx_reg[4]/C (clocked by clk_25M) and p2_y_reg[11]_rep_rep__0_replica/D (clocked by clk_25M). Large setup violations at the end of those stages might be difficult to fix during the post-placement implementation flow and could be the result of non-optimal XDC constraints or non-optimal design architecture
Related violations: <none>

TIMING-16#41 Warning
Large setup violation  
There is a large setup violation of -26.362 ns between b1_dx_reg[4]/C (clocked by clk_25M) and p2_y_reg[11]_rep__9/CE (clocked by clk_25M). Large setup violations at the end of those stages might be difficult to fix during the post-placement implementation flow and could be the result of non-optimal XDC constraints or non-optimal design architecture
Related violations: <none>

TIMING-16#42 Warning
Large setup violation  
There is a large setup violation of -26.402 ns between b1_dx_reg[4]/C (clocked by clk_25M) and p2_y_reg[11]_rep_rep__6/CE (clocked by clk_25M). Large setup violations at the end of those stages might be difficult to fix during the post-placement implementation flow and could be the result of non-optimal XDC constraints or non-optimal design architecture
Related violations: <none>

TIMING-16#43 Warning
Large setup violation  
There is a large setup violation of -26.412 ns between b1_dx_reg[4]/C (clocked by clk_25M) and p2_y_reg[11]_rep__4/D (clocked by clk_25M). Large setup violations at the end of those stages might be difficult to fix during the post-placement implementation flow and could be the result of non-optimal XDC constraints or non-optimal design architecture
Related violations: <none>

TIMING-16#44 Warning
Large setup violation  
There is a large setup violation of -26.413 ns between b1_dx_reg[4]/C (clocked by clk_25M) and p2_y_reg[11]_rep_rep__1/D (clocked by clk_25M). Large setup violations at the end of those stages might be difficult to fix during the post-placement implementation flow and could be the result of non-optimal XDC constraints or non-optimal design architecture
Related violations: <none>

TIMING-16#45 Warning
Large setup violation  
There is a large setup violation of -26.481 ns between b1_dx_reg[4]/C (clocked by clk_25M) and p2_y_reg[11]_rep__10/CE (clocked by clk_25M). Large setup violations at the end of those stages might be difficult to fix during the post-placement implementation flow and could be the result of non-optimal XDC constraints or non-optimal design architecture
Related violations: <none>

TIMING-16#46 Warning
Large setup violation  
There is a large setup violation of -26.495 ns between b1_dx_reg[4]/C (clocked by clk_25M) and p2_y_reg[11]_rep_rep__6_replica/D (clocked by clk_25M). Large setup violations at the end of those stages might be difficult to fix during the post-placement implementation flow and could be the result of non-optimal XDC constraints or non-optimal design architecture
Related violations: <none>

TIMING-16#47 Warning
Large setup violation  
There is a large setup violation of -26.496 ns between b1_dx_reg[4]/C (clocked by clk_25M) and p2_y_reg[11]_rep_rep__7/CE (clocked by clk_25M). Large setup violations at the end of those stages might be difficult to fix during the post-placement implementation flow and could be the result of non-optimal XDC constraints or non-optimal design architecture
Related violations: <none>

TIMING-16#48 Warning
Large setup violation  
There is a large setup violation of -26.502 ns between b1_dx_reg[4]/C (clocked by clk_25M) and p2_y_reg[11]_rep__11/CE (clocked by clk_25M). Large setup violations at the end of those stages might be difficult to fix during the post-placement implementation flow and could be the result of non-optimal XDC constraints or non-optimal design architecture
Related violations: <none>

TIMING-16#49 Warning
Large setup violation  
There is a large setup violation of -26.546 ns between b1_dx_reg[4]/C (clocked by clk_25M) and p2_y_reg[11]_rep__9_replica/CE (clocked by clk_25M). Large setup violations at the end of those stages might be difficult to fix during the post-placement implementation flow and could be the result of non-optimal XDC constraints or non-optimal design architecture
Related violations: <none>

TIMING-16#50 Warning
Large setup violation  
There is a large setup violation of -26.614 ns between b1_dx_reg[4]/C (clocked by clk_25M) and p2_y_reg[11]_rep/CE (clocked by clk_25M). Large setup violations at the end of those stages might be difficult to fix during the post-placement implementation flow and could be the result of non-optimal XDC constraints or non-optimal design architecture
Related violations: <none>

TIMING-16#51 Warning
Large setup violation  
There is a large setup violation of -26.637 ns between b1_dx_reg[4]/C (clocked by clk_25M) and p2_y_reg[11]_rep__8/CE (clocked by clk_25M). Large setup violations at the end of those stages might be difficult to fix during the post-placement implementation flow and could be the result of non-optimal XDC constraints or non-optimal design architecture
Related violations: <none>

TIMING-16#52 Warning
Large setup violation  
There is a large setup violation of -26.664 ns between b1_dx_reg[4]/C (clocked by clk_25M) and p2_y_reg[11]_rep_rep__5/CE (clocked by clk_25M). Large setup violations at the end of those stages might be difficult to fix during the post-placement implementation flow and could be the result of non-optimal XDC constraints or non-optimal design architecture
Related violations: <none>

TIMING-16#53 Warning
Large setup violation  
There is a large setup violation of -26.714 ns between b1_dx_reg[4]/C (clocked by clk_25M) and p2_y_reg[11]_rep__0/CE (clocked by clk_25M). Large setup violations at the end of those stages might be difficult to fix during the post-placement implementation flow and could be the result of non-optimal XDC constraints or non-optimal design architecture
Related violations: <none>

TIMING-16#54 Warning
Large setup violation  
There is a large setup violation of -26.727 ns between b1_dx_reg[4]/C (clocked by clk_25M) and p2_y_reg[11]_rep__12/CE (clocked by clk_25M). Large setup violations at the end of those stages might be difficult to fix during the post-placement implementation flow and could be the result of non-optimal XDC constraints or non-optimal design architecture
Related violations: <none>

TIMING-16#55 Warning
Large setup violation  
There is a large setup violation of -26.727 ns between b1_dx_reg[4]/C (clocked by clk_25M) and p2_y_reg[11]_rep__13/CE (clocked by clk_25M). Large setup violations at the end of those stages might be difficult to fix during the post-placement implementation flow and could be the result of non-optimal XDC constraints or non-optimal design architecture
Related violations: <none>

TIMING-16#56 Warning
Large setup violation  
There is a large setup violation of -26.727 ns between b1_dx_reg[4]/C (clocked by clk_25M) and p2_y_reg[11]_rep_rep__6_replica/CE (clocked by clk_25M). Large setup violations at the end of those stages might be difficult to fix during the post-placement implementation flow and could be the result of non-optimal XDC constraints or non-optimal design architecture
Related violations: <none>

TIMING-16#57 Warning
Large setup violation  
There is a large setup violation of -26.759 ns between b1_dx_reg[4]/C (clocked by clk_25M) and p2_y_reg[11]_rep__3/CE (clocked by clk_25M). Large setup violations at the end of those stages might be difficult to fix during the post-placement implementation flow and could be the result of non-optimal XDC constraints or non-optimal design architecture
Related violations: <none>

TIMING-16#58 Warning
Large setup violation  
There is a large setup violation of -26.759 ns between b1_dx_reg[4]/C (clocked by clk_25M) and p2_y_reg[11]_rep_rep__2/CE (clocked by clk_25M). Large setup violations at the end of those stages might be difficult to fix during the post-placement implementation flow and could be the result of non-optimal XDC constraints or non-optimal design architecture
Related violations: <none>

TIMING-16#59 Warning
Large setup violation  
There is a large setup violation of -26.759 ns between b1_dx_reg[4]/C (clocked by clk_25M) and p2_y_reg[11]_rep_rep__3/CE (clocked by clk_25M). Large setup violations at the end of those stages might be difficult to fix during the post-placement implementation flow and could be the result of non-optimal XDC constraints or non-optimal design architecture
Related violations: <none>

TIMING-16#60 Warning
Large setup violation  
There is a large setup violation of -26.782 ns between b1_dx_reg[4]/C (clocked by clk_25M) and p2_y_reg[11]_rep_rep__8/CE (clocked by clk_25M). Large setup violations at the end of those stages might be difficult to fix during the post-placement implementation flow and could be the result of non-optimal XDC constraints or non-optimal design architecture
Related violations: <none>

TIMING-16#61 Warning
Large setup violation  
There is a large setup violation of -26.863 ns between b1_dx_reg[4]/C (clocked by clk_25M) and p2_y_reg[11]_rep__5/CE (clocked by clk_25M). Large setup violations at the end of those stages might be difficult to fix during the post-placement implementation flow and could be the result of non-optimal XDC constraints or non-optimal design architecture
Related violations: <none>

TIMING-16#62 Warning
Large setup violation  
There is a large setup violation of -26.867 ns between b1_dx_reg[4]/C (clocked by clk_25M) and p2_y_reg[11]_rep_rep__4/CE (clocked by clk_25M). Large setup violations at the end of those stages might be difficult to fix during the post-placement implementation flow and could be the result of non-optimal XDC constraints or non-optimal design architecture
Related violations: <none>

TIMING-16#63 Warning
Large setup violation  
There is a large setup violation of -26.919 ns between b1_dx_reg[4]/C (clocked by clk_25M) and p2_y_reg[11]_rep__5_replica/CE (clocked by clk_25M). Large setup violations at the end of those stages might be difficult to fix during the post-placement implementation flow and could be the result of non-optimal XDC constraints or non-optimal design architecture
Related violations: <none>

TIMING-16#64 Warning
Large setup violation  
There is a large setup violation of -26.919 ns between b1_dx_reg[4]/C (clocked by clk_25M) and p2_y_reg[11]_rep_rep__8_replica/CE (clocked by clk_25M). Large setup violations at the end of those stages might be difficult to fix during the post-placement implementation flow and could be the result of non-optimal XDC constraints or non-optimal design architecture
Related violations: <none>

TIMING-16#65 Warning
Large setup violation  
There is a large setup violation of -26.947 ns between b1_dx_reg[4]/C (clocked by clk_25M) and p2_y_reg[11]_rep_rep__9/CE (clocked by clk_25M). Large setup violations at the end of those stages might be difficult to fix during the post-placement implementation flow and could be the result of non-optimal XDC constraints or non-optimal design architecture
Related violations: <none>

TIMING-16#66 Warning
Large setup violation  
There is a large setup violation of -26.948 ns between b1_dx_reg[4]/C (clocked by clk_25M) and p2_y_reg[11]_rep__7/CE (clocked by clk_25M). Large setup violations at the end of those stages might be difficult to fix during the post-placement implementation flow and could be the result of non-optimal XDC constraints or non-optimal design architecture
Related violations: <none>

TIMING-16#67 Warning
Large setup violation  
There is a large setup violation of -26.948 ns between b1_dx_reg[4]/C (clocked by clk_25M) and p2_y_reg[11]_rep_rep__10/CE (clocked by clk_25M). Large setup violations at the end of those stages might be difficult to fix during the post-placement implementation flow and could be the result of non-optimal XDC constraints or non-optimal design architecture
Related violations: <none>

TIMING-16#68 Warning
Large setup violation  
There is a large setup violation of -26.950 ns between b1_dx_reg[4]/C (clocked by clk_25M) and p2_y_reg[11]_rep__6/CE (clocked by clk_25M). Large setup violations at the end of those stages might be difficult to fix during the post-placement implementation flow and could be the result of non-optimal XDC constraints or non-optimal design architecture
Related violations: <none>

TIMING-16#69 Warning
Large setup violation  
There is a large setup violation of -27.071 ns between b1_dx_reg[4]/C (clocked by clk_25M) and p2_y_reg[11]_rep__2/CE (clocked by clk_25M). Large setup violations at the end of those stages might be difficult to fix during the post-placement implementation flow and could be the result of non-optimal XDC constraints or non-optimal design architecture
Related violations: <none>

TIMING-16#70 Warning
Large setup violation  
There is a large setup violation of -27.071 ns between b1_dx_reg[4]/C (clocked by clk_25M) and p2_y_reg[11]_rep_rep__0/CE (clocked by clk_25M). Large setup violations at the end of those stages might be difficult to fix during the post-placement implementation flow and could be the result of non-optimal XDC constraints or non-optimal design architecture
Related violations: <none>

TIMING-16#71 Warning
Large setup violation  
There is a large setup violation of -27.071 ns between b1_dx_reg[4]/C (clocked by clk_25M) and p2_y_reg[11]_rep_rep__0_replica/CE (clocked by clk_25M). Large setup violations at the end of those stages might be difficult to fix during the post-placement implementation flow and could be the result of non-optimal XDC constraints or non-optimal design architecture
Related violations: <none>

TIMING-16#72 Warning
Large setup violation  
There is a large setup violation of -27.115 ns between b1_dx_reg[4]/C (clocked by clk_25M) and p2_y_reg[11]/CE (clocked by clk_25M). Large setup violations at the end of those stages might be difficult to fix during the post-placement implementation flow and could be the result of non-optimal XDC constraints or non-optimal design architecture
Related violations: <none>

TIMING-16#73 Warning
Large setup violation  
There is a large setup violation of -27.115 ns between b1_dx_reg[4]/C (clocked by clk_25M) and p2_y_reg[11]_rep__1/CE (clocked by clk_25M). Large setup violations at the end of those stages might be difficult to fix during the post-placement implementation flow and could be the result of non-optimal XDC constraints or non-optimal design architecture
Related violations: <none>

TIMING-16#74 Warning
Large setup violation  
There is a large setup violation of -27.146 ns between b1_dx_reg[4]/C (clocked by clk_25M) and p2_y_reg[0]/CE (clocked by clk_25M). Large setup violations at the end of those stages might be difficult to fix during the post-placement implementation flow and could be the result of non-optimal XDC constraints or non-optimal design architecture
Related violations: <none>

TIMING-16#75 Warning
Large setup violation  
There is a large setup violation of -27.146 ns between b1_dx_reg[4]/C (clocked by clk_25M) and p2_y_reg[6]/CE (clocked by clk_25M). Large setup violations at the end of those stages might be difficult to fix during the post-placement implementation flow and could be the result of non-optimal XDC constraints or non-optimal design architecture
Related violations: <none>

TIMING-16#76 Warning
Large setup violation  
There is a large setup violation of -27.190 ns between b1_dx_reg[4]/C (clocked by clk_25M) and p2_y_reg[10]/CE (clocked by clk_25M). Large setup violations at the end of those stages might be difficult to fix during the post-placement implementation flow and could be the result of non-optimal XDC constraints or non-optimal design architecture
Related violations: <none>

TIMING-16#77 Warning
Large setup violation  
There is a large setup violation of -27.190 ns between b1_dx_reg[4]/C (clocked by clk_25M) and p2_y_reg[7]/CE (clocked by clk_25M). Large setup violations at the end of those stages might be difficult to fix during the post-placement implementation flow and could be the result of non-optimal XDC constraints or non-optimal design architecture
Related violations: <none>

TIMING-16#78 Warning
Large setup violation  
There is a large setup violation of -27.192 ns between b1_dx_reg[4]/C (clocked by clk_25M) and p2_y_reg[1]/CE (clocked by clk_25M). Large setup violations at the end of those stages might be difficult to fix during the post-placement implementation flow and could be the result of non-optimal XDC constraints or non-optimal design architecture
Related violations: <none>

TIMING-16#79 Warning
Large setup violation  
There is a large setup violation of -27.208 ns between b1_dx_reg[4]/C (clocked by clk_25M) and p2_y_reg[3]/CE (clocked by clk_25M). Large setup violations at the end of those stages might be difficult to fix during the post-placement implementation flow and could be the result of non-optimal XDC constraints or non-optimal design architecture
Related violations: <none>

TIMING-16#80 Warning
Large setup violation  
There is a large setup violation of -27.208 ns between b1_dx_reg[4]/C (clocked by clk_25M) and p2_y_reg[8]/CE (clocked by clk_25M). Large setup violations at the end of those stages might be difficult to fix during the post-placement implementation flow and could be the result of non-optimal XDC constraints or non-optimal design architecture
Related violations: <none>

TIMING-16#81 Warning
Large setup violation  
There is a large setup violation of -27.208 ns between b1_dx_reg[4]/C (clocked by clk_25M) and p2_y_reg[9]/CE (clocked by clk_25M). Large setup violations at the end of those stages might be difficult to fix during the post-placement implementation flow and could be the result of non-optimal XDC constraints or non-optimal design architecture
Related violations: <none>

TIMING-16#82 Warning
Large setup violation  
There is a large setup violation of -27.230 ns between b1_dx_reg[4]/C (clocked by clk_25M) and p2_y_reg[2]/CE (clocked by clk_25M). Large setup violations at the end of those stages might be difficult to fix during the post-placement implementation flow and could be the result of non-optimal XDC constraints or non-optimal design architecture
Related violations: <none>

TIMING-16#83 Warning
Large setup violation  
There is a large setup violation of -27.254 ns between b1_dx_reg[4]/C (clocked by clk_25M) and p2_y_reg[5]/CE (clocked by clk_25M). Large setup violations at the end of those stages might be difficult to fix during the post-placement implementation flow and could be the result of non-optimal XDC constraints or non-optimal design architecture
Related violations: <none>

TIMING-16#84 Warning
Large setup violation  
There is a large setup violation of -27.268 ns between b1_dx_reg[4]/C (clocked by clk_25M) and p2_y_reg[11]_rep__4/CE (clocked by clk_25M). Large setup violations at the end of those stages might be difficult to fix during the post-placement implementation flow and could be the result of non-optimal XDC constraints or non-optimal design architecture
Related violations: <none>

TIMING-16#85 Warning
Large setup violation  
There is a large setup violation of -27.268 ns between b1_dx_reg[4]/C (clocked by clk_25M) and p2_y_reg[11]_rep_rep/CE (clocked by clk_25M). Large setup violations at the end of those stages might be difficult to fix during the post-placement implementation flow and could be the result of non-optimal XDC constraints or non-optimal design architecture
Related violations: <none>

TIMING-16#86 Warning
Large setup violation  
There is a large setup violation of -27.268 ns between b1_dx_reg[4]/C (clocked by clk_25M) and p2_y_reg[11]_rep_rep__1/CE (clocked by clk_25M). Large setup violations at the end of those stages might be difficult to fix during the post-placement implementation flow and could be the result of non-optimal XDC constraints or non-optimal design architecture
Related violations: <none>

TIMING-16#87 Warning
Large setup violation  
There is a large setup violation of -27.272 ns between b1_dx_reg[4]/C (clocked by clk_25M) and p2_y_reg[4]/CE (clocked by clk_25M). Large setup violations at the end of those stages might be difficult to fix during the post-placement implementation flow and could be the result of non-optimal XDC constraints or non-optimal design architecture
Related violations: <none>

TIMING-16#88 Warning
Large setup violation  
There is a large setup violation of -27.526 ns between b1_dx_reg[4]/C (clocked by clk_25M) and p2_y_reg[11]_rep__5_replica/D (clocked by clk_25M). Large setup violations at the end of those stages might be difficult to fix during the post-placement implementation flow and could be the result of non-optimal XDC constraints or non-optimal design architecture
Related violations: <none>

TIMING-16#89 Warning
Large setup violation  
There is a large setup violation of -70.020 ns between ball_x_reg[0]_replica_8/C (clocked by clk_25M) and predict_inst/predict_up_reg/D (clocked by clk_25M). Large setup violations at the end of those stages might be difficult to fix during the post-placement implementation flow and could be the result of non-optimal XDC constraints or non-optimal design architecture
Related violations: <none>

TIMING-16#90 Warning
Large setup violation  
There is a large setup violation of -70.876 ns between ball_x_reg[0]_replica_8/C (clocked by clk_25M) and predict_inst/predict_down_reg/D (clocked by clk_25M). Large setup violations at the end of those stages might be difficult to fix during the post-placement implementation flow and could be the result of non-optimal XDC constraints or non-optimal design architecture
Related violations: <none>


