
*** Running vivado
    with args -log pong_top.vds -m64 -product Vivado -mode batch -messageDb vivado.pb -notrace -source pong_top.tcl


****** Vivado v2024.2 (64-bit)
  **** SW Build 5239630 on Fri Nov 08 22:34:34 MST 2024
  **** IP Build 5239520 on Sun Nov 10 16:12:51 MST 2024
  **** SharedData Build 5239561 on Fri Nov 08 14:39:27 MST 2024
  **** Start of session at: Tue Mar 31 15:09:52 2026
    ** Copyright 1986-2022 Xilinx, Inc. All Rights Reserved.
    ** Copyright 2022-2024 Advanced Micro Devices, Inc. All Rights Reserved.

source pong_top.tcl -notrace
Command: read_checkpoint -auto_incremental -incremental /home/kimyujeong/pong_project/pong_project.srcs/utils_1/imports/synth_1/pong_top.dcp
INFO: [Vivado 12-5825] Read reference checkpoint from /home/kimyujeong/pong_project/pong_project.srcs/utils_1/imports/synth_1/pong_top.dcp for incremental synthesis
INFO: [Vivado 12-7989] Please ensure there are no constraint changes
Command: synth_design -top pong_top -part xc7a35tcpg236-1
Starting synth_design
Attempting to get a license for feature 'Synthesis' and/or device 'xc7a35t'
INFO: [Common 17-349] Got license for feature 'Synthesis' and/or device 'xc7a35t'
INFO: [Device 21-403] Loading part xc7a35tcpg236-1
INFO: [Designutils 20-5440] No compile time benefit to using incremental synthesis; A full resynthesis will be run
INFO: [Designutils 20-4379] Flow is switching to default flow due to incremental criteria not met. If you would like to alter this behaviour and have the flow terminate instead, please set the following parameter config_implementation {autoIncr.Synth.RejectBehavior Terminate}
INFO: [Synth 8-7079] Multithreading enabled for synth_design using a maximum of 7 processes.
INFO: [Synth 8-7078] Launching helper process for spawning children vivado processes
INFO: [Synth 8-7075] Helper process launched with PID 553386
---------------------------------------------------------------------------------
Starting RTL Elaboration : Time (s): cpu = 00:00:04 ; elapsed = 00:00:04 . Memory (MB): peak = 1838.160 ; gain = 404.859 ; free physical = 5516 ; free virtual = 10707
---------------------------------------------------------------------------------
CRITICAL WARNING: [Synth 8-9873] overwriting previous definition of module 'pong_sound' [/home/kimyujeong/pong_project/pong_project.srcs/sources_1/new/codes.v:604]
INFO: [Synth 8-9937] previous definition of design element 'pong_sound' is here [/home/kimyujeong/pong_project/pong_project.srcs/sources_1/new/sound.v:72]
INFO: [Synth 8-6157] synthesizing module 'pong_top' [/home/kimyujeong/pong_project/pong_project.srcs/sources_1/new/codes.v:7]
INFO: [Synth 8-6157] synthesizing module 'BUFG' [/opt/Xilinx/Vivado/2024.2/scripts/rt/data/unisim_comp.v:2676]
INFO: [Synth 8-6155] done synthesizing module 'BUFG' (0#1) [/opt/Xilinx/Vivado/2024.2/scripts/rt/data/unisim_comp.v:2676]
INFO: [Synth 8-6157] synthesizing module 'pong_sound' [/home/kimyujeong/pong_project/pong_project.srcs/sources_1/new/codes.v:558]
INFO: [Synth 8-6155] done synthesizing module 'pong_sound' (0#1) [/home/kimyujeong/pong_project/pong_project.srcs/sources_1/new/codes.v:558]
INFO: [Synth 8-6157] synthesizing module 'ai_module' [/home/kimyujeong/pong_project/pong_project.srcs/sources_1/new/ai.v:3]
INFO: [Synth 8-6155] done synthesizing module 'ai_module' (0#1) [/home/kimyujeong/pong_project/pong_project.srcs/sources_1/new/ai.v:3]
INFO: [Synth 8-6157] synthesizing module 'pong_predict' [/home/kimyujeong/pong_project/pong_project.srcs/sources_1/new/codes.v:608]
INFO: [Synth 8-6155] done synthesizing module 'pong_predict' (0#1) [/home/kimyujeong/pong_project/pong_project.srcs/sources_1/new/codes.v:608]
INFO: [Synth 8-6155] done synthesizing module 'pong_top' (0#1) [/home/kimyujeong/pong_project/pong_project.srcs/sources_1/new/codes.v:7]
WARNING: [Synth 8-6014] Unused sequential element target_y_reg was removed.  [/home/kimyujeong/pong_project/pong_project.srcs/sources_1/new/codes.v:649]
WARNING: [Synth 8-6014] Unused sequential element travel_steps_reg was removed.  [/home/kimyujeong/pong_project/pong_project.srcs/sources_1/new/codes.v:662]
WARNING: [Synth 8-6014] Unused sequential element predict_y_reg was removed.  [/home/kimyujeong/pong_project/pong_project.srcs/sources_1/new/codes.v:666]
WARNING: [Synth 8-6014] Unused sequential element error_y_reg was removed.  [/home/kimyujeong/pong_project/pong_project.srcs/sources_1/new/codes.v:669]
WARNING: [Synth 8-6014] Unused sequential element rel_y_reg was removed.  [/home/kimyujeong/pong_project/pong_project.srcs/sources_1/new/codes.v:375]
WARNING: [Synth 8-7129] Port rand_y[8] in module pong_predict is either unconnected or has no load
WARNING: [Synth 8-7129] Port rand_y[7] in module pong_predict is either unconnected or has no load
WARNING: [Synth 8-7129] Port rand_y[6] in module pong_predict is either unconnected or has no load
WARNING: [Synth 8-7129] Port rand_y[5] in module pong_predict is either unconnected or has no load
WARNING: [Synth 8-7129] Port v_cnt[9] in module pong_sound is either unconnected or has no load
WARNING: [Synth 8-7129] Port v_cnt[8] in module pong_sound is either unconnected or has no load
WARNING: [Synth 8-7129] Port v_cnt[7] in module pong_sound is either unconnected or has no load
WARNING: [Synth 8-7129] Port v_cnt[4] in module pong_sound is either unconnected or has no load
WARNING: [Synth 8-7129] Port v_cnt[3] in module pong_sound is either unconnected or has no load
WARNING: [Synth 8-7129] Port v_cnt[2] in module pong_sound is either unconnected or has no load
WARNING: [Synth 8-7129] Port v_cnt[1] in module pong_sound is either unconnected or has no load
WARNING: [Synth 8-7129] Port v_cnt[0] in module pong_sound is either unconnected or has no load
---------------------------------------------------------------------------------
Finished RTL Elaboration : Time (s): cpu = 00:00:05 ; elapsed = 00:00:06 . Memory (MB): peak = 1925.098 ; gain = 491.797 ; free physical = 5418 ; free virtual = 10611
---------------------------------------------------------------------------------
---------------------------------------------------------------------------------
Start Handling Custom Attributes
---------------------------------------------------------------------------------
---------------------------------------------------------------------------------
Finished Handling Custom Attributes : Time (s): cpu = 00:00:05 ; elapsed = 00:00:06 . Memory (MB): peak = 1942.910 ; gain = 509.609 ; free physical = 5419 ; free virtual = 10611
---------------------------------------------------------------------------------
---------------------------------------------------------------------------------
Finished RTL Optimization Phase 1 : Time (s): cpu = 00:00:05 ; elapsed = 00:00:06 . Memory (MB): peak = 1942.910 ; gain = 509.609 ; free physical = 5419 ; free virtual = 10611
---------------------------------------------------------------------------------
Netlist sorting complete. Time (s): cpu = 00:00:00.02 ; elapsed = 00:00:00.03 . Memory (MB): peak = 1948.848 ; gain = 0.000 ; free physical = 5424 ; free virtual = 10616
INFO: [Project 1-570] Preparing netlist for logic optimization

Processing XDC Constraints
Initializing timing engine
Parsing XDC File [/home/kimyujeong/pong_project/pong_project.srcs/constrs_1/imports/fpga/Basys-3-Master.xdc]
Finished Parsing XDC File [/home/kimyujeong/pong_project/pong_project.srcs/constrs_1/imports/fpga/Basys-3-Master.xdc]
INFO: [Project 1-236] Implementation specific constraints were found while reading constraint file [/home/kimyujeong/pong_project/pong_project.srcs/constrs_1/imports/fpga/Basys-3-Master.xdc]. These constraints will be ignored for synthesis but will be used in implementation. Impacted constraints are listed in the file [.Xil/pong_top_propImpl.xdc].
Resolution: To avoid this warning, move constraints listed in [.Xil/pong_top_propImpl.xdc] to another XDC file and exclude this new file from synthesis with the used_in_synthesis property (File Properties dialog in GUI) and re-run elaboration/synthesis.
Completed Processing XDC Constraints

Netlist sorting complete. Time (s): cpu = 00:00:00 ; elapsed = 00:00:00 . Memory (MB): peak = 2078.660 ; gain = 0.000 ; free physical = 5439 ; free virtual = 10631
INFO: [Project 1-111] Unisim Transformation Summary:
No Unisim elements were transformed.

Constraint Validation Runtime : Time (s): cpu = 00:00:00 ; elapsed = 00:00:00.01 . Memory (MB): peak = 2078.660 ; gain = 0.000 ; free physical = 5440 ; free virtual = 10632
INFO: [Designutils 20-5440] No compile time benefit to using incremental synthesis; A full resynthesis will be run
INFO: [Designutils 20-4379] Flow is switching to default flow due to incremental criteria not met. If you would like to alter this behaviour and have the flow terminate instead, please set the following parameter config_implementation {autoIncr.Synth.RejectBehavior Terminate}
---------------------------------------------------------------------------------
Finished Constraint Validation : Time (s): cpu = 00:00:12 ; elapsed = 00:00:12 . Memory (MB): peak = 2078.660 ; gain = 645.359 ; free physical = 5484 ; free virtual = 10676
---------------------------------------------------------------------------------
---------------------------------------------------------------------------------
Start Loading Part and Timing Information
---------------------------------------------------------------------------------
Loading part: xc7a35tcpg236-1
---------------------------------------------------------------------------------
Finished Loading Part and Timing Information : Time (s): cpu = 00:00:12 ; elapsed = 00:00:12 . Memory (MB): peak = 2086.664 ; gain = 653.363 ; free physical = 5484 ; free virtual = 10676
---------------------------------------------------------------------------------
---------------------------------------------------------------------------------
Start Applying 'set_property' XDC Constraints
---------------------------------------------------------------------------------
---------------------------------------------------------------------------------
Finished applying 'set_property' XDC Constraints : Time (s): cpu = 00:00:12 ; elapsed = 00:00:12 . Memory (MB): peak = 2086.664 ; gain = 653.363 ; free physical = 5484 ; free virtual = 10676
---------------------------------------------------------------------------------
---------------------------------------------------------------------------------
Finished RTL Optimization Phase 2 : Time (s): cpu = 00:00:13 ; elapsed = 00:00:13 . Memory (MB): peak = 2086.664 ; gain = 653.363 ; free physical = 5482 ; free virtual = 10677
---------------------------------------------------------------------------------
---------------------------------------------------------------------------------
Start RTL Component Statistics 
---------------------------------------------------------------------------------
Detailed RTL Component Info : 
+---Adders : 
	   3 Input   33 Bit       Adders := 3     
	   2 Input   32 Bit       Adders := 44    
	   6 Input   32 Bit       Adders := 8     
	   9 Input   32 Bit       Adders := 3     
	   3 Input   14 Bit       Adders := 4     
	   2 Input   13 Bit       Adders := 5     
	   2 Input   12 Bit       Adders := 7     
	   3 Input   12 Bit       Adders := 4     
	   2 Input   11 Bit       Adders := 1     
	   2 Input   10 Bit       Adders := 16    
	   2 Input    9 Bit       Adders := 1     
	   2 Input    5 Bit       Adders := 6     
	   3 Input    5 Bit       Adders := 14    
	   2 Input    4 Bit       Adders := 3     
	   2 Input    2 Bit       Adders := 1     
	   2 Input    1 Bit       Adders := 2     
+---Registers : 
	               12 Bit    Registers := 4     
	               11 Bit    Registers := 1     
	               10 Bit    Registers := 1     
	                9 Bit    Registers := 1     
	                5 Bit    Registers := 4     
	                4 Bit    Registers := 2     
	                2 Bit    Registers := 2     
	                1 Bit    Registers := 9     
+---Multipliers : 
	              12x32  Multipliers := 5     
	              10x32  Multipliers := 12    
	               5x32  Multipliers := 1     
	               7x32  Multipliers := 2     
	               9x32  Multipliers := 2     
	              11x32  Multipliers := 1     
	               8x32  Multipliers := 1     
+---Muxes : 
	   2 Input   32 Bit        Muxes := 82    
	   2 Input   12 Bit        Muxes := 22    
	   7 Input   12 Bit        Muxes := 1     
	   5 Input   12 Bit        Muxes := 1     
	   2 Input   11 Bit        Muxes := 1     
	   2 Input   10 Bit        Muxes := 1     
	   2 Input    5 Bit        Muxes := 10    
	   2 Input    4 Bit        Muxes := 1     
	   2 Input    3 Bit        Muxes := 2     
	   3 Input    2 Bit        Muxes := 1     
	   2 Input    2 Bit        Muxes := 2     
	   2 Input    1 Bit        Muxes := 32    
	   4 Input    1 Bit        Muxes := 1     
	   5 Input    1 Bit        Muxes := 1     
---------------------------------------------------------------------------------
Finished RTL Component Statistics 
---------------------------------------------------------------------------------
---------------------------------------------------------------------------------
Start Part Resource Summary
---------------------------------------------------------------------------------
Part Resources:
DSPs: 90 (col length:60)
BRAMs: 100 (col length: RAMB18 60 RAMB36 30)
---------------------------------------------------------------------------------
Finished Part Resource Summary
---------------------------------------------------------------------------------
---------------------------------------------------------------------------------
Start Cross Boundary and Area Optimization
---------------------------------------------------------------------------------
WARNING: [Synth 8-7080] Parallel synthesis criteria is not met
DSP Report: Generating DSP h3_pre7, operation Mode is: A*(B:0x3fde2).
DSP Report: operator h3_pre7 is absorbed into DSP h3_pre7.
DSP Report: Generating DSP h3_pre6, operation Mode is: (A*(B:0x3fde2)) OR (-A*(B:0x3fde2)).
DSP Report: operator h3_pre7 is absorbed into DSP h3_pre6.
DSP Report: Generating DSP h4_pre7, operation Mode is: A*(B:0x3fdf2).
DSP Report: operator h4_pre7 is absorbed into DSP h4_pre7.
DSP Report: Generating DSP h4_pre6, operation Mode is: (A*(B:0x3fdf2)) OR (-A*(B:0x3fdf2)).
DSP Report: operator h4_pre7 is absorbed into DSP h4_pre6.
DSP Report: Generating DSP h5_pre7, operation Mode is: A*(B:0x3fd2f).
DSP Report: operator h5_pre7 is absorbed into DSP h5_pre7.
DSP Report: Generating DSP h5_pre6, operation Mode is: (A*(B:0x3fd2f)) OR (-A*(B:0x3fd2f)).
DSP Report: operator h5_pre7 is absorbed into DSP h5_pre6.
DSP Report: Generating DSP h7_pre7, operation Mode is: A*(B:0x3ff44).
DSP Report: operator h7_pre7 is absorbed into DSP h7_pre7.
DSP Report: Generating DSP h7_pre6, operation Mode is: (A*(B:0x3ff44)) OR (-A*(B:0x3ff44)).
DSP Report: operator h7_pre7 is absorbed into DSP h7_pre6.
DSP Report: Generating DSP h2_pre4, operation Mode is: A*(B:0x3feff).
DSP Report: operator h2_pre4 is absorbed into DSP h2_pre4.
DSP Report: Generating DSP h2_pre3, operation Mode is: (A*(B:0x3feff)) OR (-A*(B:0x3feff)).
DSP Report: operator h2_pre4 is absorbed into DSP h2_pre3.
DSP Report: Generating DSP h2_pre7, operation Mode is: A*(B:0x3ffe3).
DSP Report: operator h2_pre7 is absorbed into DSP h2_pre7.
DSP Report: Generating DSP h2_pre6, operation Mode is: (A*(B:0x3ffe3)) OR (-A*(B:0x3ffe3)).
DSP Report: operator h2_pre7 is absorbed into DSP h2_pre6.
DSP Report: Generating DSP h1_pre7, operation Mode is: A*(B:0x14).
DSP Report: operator h1_pre7 is absorbed into DSP h1_pre7.
DSP Report: Generating DSP h1_pre6, operation Mode is: (A*(B:0x14)) OR (-A*(B:0x14)).
DSP Report: operator h1_pre7 is absorbed into DSP h1_pre6.
DSP Report: Generating DSP h0_pre7, operation Mode is: A*(B:0x3ffcd).
DSP Report: operator h0_pre7 is absorbed into DSP h0_pre7.
DSP Report: Generating DSP h0_pre6, operation Mode is: (A*(B:0x3ffcd)) OR (-A*(B:0x3ffcd)).
DSP Report: operator h0_pre7 is absorbed into DSP h0_pre6.
DSP Report: Generating DSP h6_pre4, operation Mode is: A*(B:0x3ff91).
DSP Report: operator h6_pre4 is absorbed into DSP h6_pre4.
DSP Report: Generating DSP h6_pre3, operation Mode is: (A*(B:0x3ff91)) OR (-A*(B:0x3ff91)).
DSP Report: operator h6_pre4 is absorbed into DSP h6_pre3.
DSP Report: Generating DSP h6_pre7, operation Mode is: A*(B:0x3ff49).
DSP Report: operator h6_pre7 is absorbed into DSP h6_pre7.
DSP Report: Generating DSP h6_pre6, operation Mode is: (A*(B:0x3ff49)) OR (-A*(B:0x3ff49)).
DSP Report: operator h6_pre7 is absorbed into DSP h6_pre6.
DSP Report: Generating DSP h5_pre4, operation Mode is: A*(B:0x9b).
DSP Report: operator h5_pre4 is absorbed into DSP h5_pre4.
DSP Report: Generating DSP h5_pre3, operation Mode is: (A*(B:0x9b)) OR (-A*(B:0x9b)).
DSP Report: operator h5_pre4 is absorbed into DSP h5_pre3.
DSP Report: Generating DSP h5_pre7, operation Mode is: A*(B:0x67).
DSP Report: operator h5_pre7 is absorbed into DSP h5_pre7.
DSP Report: Generating DSP h5_pre6, operation Mode is: (A*(B:0x67)) OR (-A*(B:0x67)).
DSP Report: operator h5_pre7 is absorbed into DSP h5_pre6.
DSP Report: Generating DSP h4_pre4, operation Mode is: A*(B:0x97).
DSP Report: operator h4_pre4 is absorbed into DSP h4_pre4.
DSP Report: Generating DSP h4_pre3, operation Mode is: (A*(B:0x97)) OR (-A*(B:0x97)).
DSP Report: operator h4_pre4 is absorbed into DSP h4_pre3.
DSP Report: Generating DSP h4_pre7, operation Mode is: A*(B:0x56).
DSP Report: operator h4_pre7 is absorbed into DSP h4_pre7.
DSP Report: Generating DSP h4_pre6, operation Mode is: (A*(B:0x56)) OR (-A*(B:0x56)).
DSP Report: operator h4_pre7 is absorbed into DSP h4_pre6.
DSP Report: Generating DSP h3_pre4, operation Mode is: A*(B:0x3fe30).
DSP Report: operator h3_pre4 is absorbed into DSP h3_pre4.
DSP Report: Generating DSP h3_pre3, operation Mode is: (A*(B:0x3fe30)) OR (-A*(B:0x3fe30)).
DSP Report: operator h3_pre4 is absorbed into DSP h3_pre3.
DSP Report: Generating DSP h2_pre7, operation Mode is: A*(B:0x3ff87).
DSP Report: operator h2_pre7 is absorbed into DSP h2_pre7.
DSP Report: Generating DSP h2_pre6, operation Mode is: (A*(B:0x3ff87)) OR (-A*(B:0x3ff87)).
DSP Report: operator h2_pre7 is absorbed into DSP h2_pre6.
DSP Report: Generating DSP h1_pre4, operation Mode is: A*(B:0x3ff5e).
DSP Report: operator h1_pre4 is absorbed into DSP h1_pre4.
DSP Report: Generating DSP h1_pre3, operation Mode is: (A*(B:0x3ff5e)) OR (-A*(B:0x3ff5e)).
DSP Report: operator h1_pre4 is absorbed into DSP h1_pre3.
DSP Report: Generating DSP h1_pre7, operation Mode is: A*(B:0x3ff4b).
DSP Report: operator h1_pre7 is absorbed into DSP h1_pre7.
DSP Report: Generating DSP h1_pre6, operation Mode is: (A*(B:0x3ff4b)) OR (-A*(B:0x3ff4b)).
DSP Report: operator h1_pre7 is absorbed into DSP h1_pre6.
---------------------------------------------------------------------------------
Finished Cross Boundary and Area Optimization : Time (s): cpu = 00:00:45 ; elapsed = 00:00:46 . Memory (MB): peak = 2186.789 ; gain = 753.488 ; free physical = 5320 ; free virtual = 10531
---------------------------------------------------------------------------------
 Sort Area is ai_module__GB0 h3_pre6_2 : 0 0 : 717 717 : Used 1 time 0
 Sort Area is ai_module__GB1 h4_pre6_5 : 0 0 : 717 717 : Used 1 time 0
 Sort Area is ai_module__GB1 h5_pre6_7 : 0 0 : 717 717 : Used 1 time 0
 Sort Area is ai_module__GB3 h2_pre3_e : 0 0 : 637 637 : Used 1 time 0
 Sort Area is ai_module__GB6 h3_pre3_29 : 0 0 : 637 637 : Used 1 time 0
 Sort Area is ai_module__GB0 h3_pre7_0 : 0 0 : 568 568 : Used 1 time 0
 Sort Area is ai_module__GB1 h4_pre7_4 : 0 0 : 568 568 : Used 1 time 0
 Sort Area is ai_module__GB1 h5_pre7_6 : 0 0 : 568 568 : Used 1 time 0
 Sort Area is ai_module__GB6 h2_pre6_2b : 0 0 : 491 491 : Used 1 time 0
 Sort Area is ai_module__GB6 h4_pre6_27 : 0 0 : 491 491 : Used 1 time 0
 Sort Area is ai_module__GB6 h5_pre6_23 : 0 0 : 491 491 : Used 1 time 0
 Sort Area is ai_module__GB6 h6_pre3_1c : 0 0 : 491 491 : Used 1 time 0
 Sort Area is ai_module__GB3 h2_pre4_c : 0 0 : 489 489 : Used 1 time 0
 Sort Area is ai_module__GB6 h3_pre4_28 : 0 0 : 489 489 : Used 1 time 0
 Sort Area is ai_module__GB6 h0_pre6_18 : 0 0 : 435 435 : Used 1 time 0
 Sort Area is ai_module__GB6 h1_pre3_2d : 0 0 : 374 374 : Used 1 time 0
 Sort Area is ai_module__GB6 h1_pre6_2f : 0 0 : 374 374 : Used 1 time 0
 Sort Area is ai_module__GB6 h4_pre3_25 : 0 0 : 374 374 : Used 1 time 0
 Sort Area is ai_module__GB6 h5_pre3_21 : 0 0 : 374 374 : Used 1 time 0
 Sort Area is ai_module__GB6 h6_pre6_1f : 0 0 : 374 374 : Used 1 time 0
 Sort Area is ai_module__GB2 h7_pre6_a : 0 0 : 374 374 : Used 1 time 0
 Sort Area is ai_module__GB6 h2_pre7_2a : 0 0 : 345 345 : Used 1 time 0
 Sort Area is ai_module__GB6 h4_pre7_26 : 0 0 : 345 345 : Used 1 time 0
 Sort Area is ai_module__GB6 h5_pre7_22 : 0 0 : 345 345 : Used 1 time 0
 Sort Area is ai_module__GB6 h6_pre4_1a : 0 0 : 345 345 : Used 1 time 0
 Sort Area is ai_module__GB4 h1_pre6_15 : 0 0 : 341 341 : Used 1 time 0
 Sort Area is ai_module__GB4 h2_pre6_12 : 0 0 : 341 341 : Used 1 time 0
 Sort Area is ai_module__GB6 h0_pre7_16 : 0 0 : 290 290 : Used 1 time 0
 Sort Area is ai_module__GB6 h1_pre4_2c : 0 0 : 227 227 : Used 1 time 0
 Sort Area is ai_module__GB6 h1_pre7_2e : 0 0 : 227 227 : Used 1 time 0
 Sort Area is ai_module__GB6 h4_pre4_24 : 0 0 : 227 227 : Used 1 time 0
 Sort Area is ai_module__GB6 h5_pre4_20 : 0 0 : 227 227 : Used 1 time 0
 Sort Area is ai_module__GB6 h6_pre7_1e : 0 0 : 227 227 : Used 1 time 0
 Sort Area is ai_module__GB2 h7_pre7_8 : 0 0 : 227 227 : Used 1 time 0
 Sort Area is ai_module__GB4 h1_pre7_14 : 0 0 : 197 197 : Used 1 time 0
 Sort Area is ai_module__GB4 h2_pre7_10 : 0 0 : 197 197 : Used 1 time 0
---------------------------------------------------------------------------------
Start ROM, RAM, DSP, Shift Register and Retiming Reporting
---------------------------------------------------------------------------------

DSP: Preliminary Mapping Report (see note below. The ' indicates corresponding REG is set)
+------------+-------------------------------------+--------+--------+--------+--------+--------+------+------+------+------+-------+------+------+
|Module Name | DSP Mapping                         | A Size | B Size | C Size | D Size | P Size | AREG | BREG | CREG | DREG | ADREG | MREG | PREG | 
+------------+-------------------------------------+--------+--------+--------+--------+--------+------+------+------+------+-------+------+------+
|ai_module   | A*(B:0x3fde2)                       | 12     | 11     | -      | -      | 23     | 0    | 0    | -    | -    | -     | 0    | 0    | 
|ai_module   | (A*(B:0x3fde2)) OR (-A*(B:0x3fde2)) | 12     | 11     | -      | -      | 32     | 0    | 0    | -    | -    | -     | 0    | 0    | 
|ai_module   | A*(B:0x3fdf2)                       | 12     | 11     | -      | -      | 23     | 0    | 0    | -    | -    | -     | 0    | 0    | 
|ai_module   | (A*(B:0x3fdf2)) OR (-A*(B:0x3fdf2)) | 12     | 11     | -      | -      | 32     | 0    | 0    | -    | -    | -     | 0    | 0    | 
|ai_module   | A*(B:0x3fd2f)                       | 12     | 11     | -      | -      | 23     | 0    | 0    | -    | -    | -     | 0    | 0    | 
|ai_module   | (A*(B:0x3fd2f)) OR (-A*(B:0x3fd2f)) | 12     | 11     | -      | -      | 32     | 0    | 0    | -    | -    | -     | 0    | 0    | 
|ai_module   | A*(B:0x3ff44)                       | 12     | 9      | -      | -      | 21     | 0    | 0    | -    | -    | -     | 0    | 0    | 
|ai_module   | (A*(B:0x3ff44)) OR (-A*(B:0x3ff44)) | 12     | 9      | -      | -      | 32     | 0    | 0    | -    | -    | -     | 0    | 0    | 
|ai_module   | A*(B:0x3feff)                       | 12     | 10     | -      | -      | 22     | 0    | 0    | -    | -    | -     | 0    | 0    | 
|ai_module   | (A*(B:0x3feff)) OR (-A*(B:0x3feff)) | 12     | 10     | -      | -      | 32     | 0    | 0    | -    | -    | -     | 0    | 0    | 
|ai_module   | A*(B:0x3ffe3)                       | 12     | 6      | -      | -      | 18     | 0    | 0    | -    | -    | -     | 0    | 0    | 
|ai_module   | (A*(B:0x3ffe3)) OR (-A*(B:0x3ffe3)) | 12     | 6      | -      | -      | 32     | 0    | 0    | -    | -    | -     | 0    | 0    | 
|ai_module   | A*(B:0x14)                          | 12     | 6      | -      | -      | 18     | 0    | 0    | -    | -    | -     | 0    | 0    | 
|ai_module   | (A*(B:0x14)) OR (-A*(B:0x14))       | 12     | 6      | -      | -      | 32     | 0    | 0    | -    | -    | -     | 0    | 0    | 
|ai_module   | A*(B:0x3ffcd)                       | 12     | 7      | -      | -      | 19     | 0    | 0    | -    | -    | -     | 0    | 0    | 
|ai_module   | (A*(B:0x3ffcd)) OR (-A*(B:0x3ffcd)) | 12     | 7      | -      | -      | 32     | 0    | 0    | -    | -    | -     | 0    | 0    | 
|ai_module   | A*(B:0x3ff91)                       | 12     | 8      | -      | -      | 20     | 0    | 0    | -    | -    | -     | 0    | 0    | 
|ai_module   | (A*(B:0x3ff91)) OR (-A*(B:0x3ff91)) | 12     | 8      | -      | -      | 32     | 0    | 0    | -    | -    | -     | 0    | 0    | 
|ai_module   | A*(B:0x3ff49)                       | 12     | 9      | -      | -      | 21     | 0    | 0    | -    | -    | -     | 0    | 0    | 
|ai_module   | (A*(B:0x3ff49)) OR (-A*(B:0x3ff49)) | 12     | 9      | -      | -      | 32     | 0    | 0    | -    | -    | -     | 0    | 0    | 
|ai_module   | A*(B:0x9b)                          | 12     | 9      | -      | -      | 21     | 0    | 0    | -    | -    | -     | 0    | 0    | 
|ai_module   | (A*(B:0x9b)) OR (-A*(B:0x9b))       | 12     | 9      | -      | -      | 32     | 0    | 0    | -    | -    | -     | 0    | 0    | 
|ai_module   | A*(B:0x67)                          | 12     | 8      | -      | -      | 20     | 0    | 0    | -    | -    | -     | 0    | 0    | 
|ai_module   | (A*(B:0x67)) OR (-A*(B:0x67))       | 12     | 8      | -      | -      | 32     | 0    | 0    | -    | -    | -     | 0    | 0    | 
|ai_module   | A*(B:0x97)                          | 12     | 9      | -      | -      | 21     | 0    | 0    | -    | -    | -     | 0    | 0    | 
|ai_module   | (A*(B:0x97)) OR (-A*(B:0x97))       | 12     | 9      | -      | -      | 32     | 0    | 0    | -    | -    | -     | 0    | 0    | 
|ai_module   | A*(B:0x56)                          | 12     | 8      | -      | -      | 20     | 0    | 0    | -    | -    | -     | 0    | 0    | 
|ai_module   | (A*(B:0x56)) OR (-A*(B:0x56))       | 12     | 8      | -      | -      | 32     | 0    | 0    | -    | -    | -     | 0    | 0    | 
|ai_module   | A*(B:0x3fe30)                       | 12     | 10     | -      | -      | 22     | 0    | 0    | -    | -    | -     | 0    | 0    | 
|ai_module   | (A*(B:0x3fe30)) OR (-A*(B:0x3fe30)) | 12     | 10     | -      | -      | 32     | 0    | 0    | -    | -    | -     | 0    | 0    | 
|ai_module   | A*(B:0x3ff87)                       | 12     | 8      | -      | -      | 20     | 0    | 0    | -    | -    | -     | 0    | 0    | 
|ai_module   | (A*(B:0x3ff87)) OR (-A*(B:0x3ff87)) | 12     | 8      | -      | -      | 32     | 0    | 0    | -    | -    | -     | 0    | 0    | 
|ai_module   | A*(B:0x3ff5e)                       | 12     | 9      | -      | -      | 21     | 0    | 0    | -    | -    | -     | 0    | 0    | 
|ai_module   | (A*(B:0x3ff5e)) OR (-A*(B:0x3ff5e)) | 12     | 9      | -      | -      | 32     | 0    | 0    | -    | -    | -     | 0    | 0    | 
|ai_module   | A*(B:0x3ff4b)                       | 12     | 9      | -      | -      | 21     | 0    | 0    | -    | -    | -     | 0    | 0    | 
|ai_module   | (A*(B:0x3ff4b)) OR (-A*(B:0x3ff4b)) | 12     | 9      | -      | -      | 32     | 0    | 0    | -    | -    | -     | 0    | 0    | 
+------------+-------------------------------------+--------+--------+--------+--------+--------+------+------+------+------+-------+------+------+

Note: The table above is a preliminary report that shows the DSPs inferred at the current stage of the synthesis flow. Some DSP may be reimplemented as non DSP primitives later in the synthesis flow. Multiple instantiated DSPs are reported only once.
---------------------------------------------------------------------------------
Finished ROM, RAM, DSP, Shift Register and Retiming Reporting
---------------------------------------------------------------------------------
---------------------------------------------------------------------------------
Start Applying XDC Timing Constraints
---------------------------------------------------------------------------------
---------------------------------------------------------------------------------
Finished Applying XDC Timing Constraints : Time (s): cpu = 00:00:52 ; elapsed = 00:00:54 . Memory (MB): peak = 2226.789 ; gain = 793.488 ; free physical = 5284 ; free virtual = 10493
---------------------------------------------------------------------------------
---------------------------------------------------------------------------------
Start Timing Optimization
---------------------------------------------------------------------------------
info: optimization accepted worst group hill climbing move (-46576.0/oG. 2067.0ps)
---------------------------------------------------------------------------------
Finished Timing Optimization : Time (s): cpu = 00:01:01 ; elapsed = 00:01:03 . Memory (MB): peak = 2327.844 ; gain = 894.543 ; free physical = 5185 ; free virtual = 10395
---------------------------------------------------------------------------------
---------------------------------------------------------------------------------
Start Technology Mapping
---------------------------------------------------------------------------------
---------------------------------------------------------------------------------
Finished Technology Mapping : Time (s): cpu = 00:01:12 ; elapsed = 00:01:14 . Memory (MB): peak = 2343.844 ; gain = 910.543 ; free physical = 5168 ; free virtual = 10379
---------------------------------------------------------------------------------
---------------------------------------------------------------------------------
Start IO Insertion
---------------------------------------------------------------------------------
---------------------------------------------------------------------------------
Start Flattening Before IO Insertion
---------------------------------------------------------------------------------
---------------------------------------------------------------------------------
Finished Flattening Before IO Insertion
---------------------------------------------------------------------------------
---------------------------------------------------------------------------------
Start Final Netlist Cleanup
---------------------------------------------------------------------------------
---------------------------------------------------------------------------------
Finished Final Netlist Cleanup
---------------------------------------------------------------------------------
---------------------------------------------------------------------------------
Finished IO Insertion : Time (s): cpu = 00:01:16 ; elapsed = 00:01:18 . Memory (MB): peak = 2415.656 ; gain = 982.355 ; free physical = 5114 ; free virtual = 10325
---------------------------------------------------------------------------------
---------------------------------------------------------------------------------
Start Renaming Generated Instances
---------------------------------------------------------------------------------
---------------------------------------------------------------------------------
Finished Renaming Generated Instances : Time (s): cpu = 00:01:16 ; elapsed = 00:01:19 . Memory (MB): peak = 2415.656 ; gain = 982.355 ; free physical = 5114 ; free virtual = 10322
---------------------------------------------------------------------------------
---------------------------------------------------------------------------------
Start Rebuilding User Hierarchy
---------------------------------------------------------------------------------
---------------------------------------------------------------------------------
Finished Rebuilding User Hierarchy : Time (s): cpu = 00:01:19 ; elapsed = 00:01:22 . Memory (MB): peak = 2415.656 ; gain = 982.355 ; free physical = 5100 ; free virtual = 10309
---------------------------------------------------------------------------------
---------------------------------------------------------------------------------
Start Renaming Generated Ports
---------------------------------------------------------------------------------
---------------------------------------------------------------------------------
Finished Renaming Generated Ports : Time (s): cpu = 00:01:19 ; elapsed = 00:01:22 . Memory (MB): peak = 2415.656 ; gain = 982.355 ; free physical = 5100 ; free virtual = 10309
---------------------------------------------------------------------------------
---------------------------------------------------------------------------------
Start Handling Custom Attributes
---------------------------------------------------------------------------------
---------------------------------------------------------------------------------
Finished Handling Custom Attributes : Time (s): cpu = 00:01:20 ; elapsed = 00:01:22 . Memory (MB): peak = 2415.656 ; gain = 982.355 ; free physical = 5100 ; free virtual = 10309
---------------------------------------------------------------------------------
---------------------------------------------------------------------------------
Start Renaming Generated Nets
---------------------------------------------------------------------------------
---------------------------------------------------------------------------------
Finished Renaming Generated Nets : Time (s): cpu = 00:01:20 ; elapsed = 00:01:22 . Memory (MB): peak = 2415.656 ; gain = 982.355 ; free physical = 5100 ; free virtual = 10309
---------------------------------------------------------------------------------
---------------------------------------------------------------------------------
Start Writing Synthesis Report
---------------------------------------------------------------------------------

DSP Final Report (the ' indicates corresponding REG is set)
+------------+-------------+--------+--------+--------+--------+--------+------+------+------+------+-------+------+------+
|Module Name | DSP Mapping | A Size | B Size | C Size | D Size | P Size | AREG | BREG | CREG | DREG | ADREG | MREG | PREG | 
+------------+-------------+--------+--------+--------+--------+--------+------+------+------+------+-------+------+------+
|ai_module   | A*B         | 30     | 18     | -      | -      | 23     | 0    | 0    | -    | -    | -     | 0    | 0    | 
|ai_module   | Dynamic     | -      | -      | -      | -      | 32     | -    | -    | -    | -    | -     | 0    | 0    | 
|ai_module   | A*B         | 30     | 18     | -      | -      | 21     | 0    | 0    | -    | -    | -     | 0    | 0    | 
|ai_module   | Dynamic     | -      | -      | -      | -      | 32     | -    | -    | -    | -    | -     | 0    | 0    | 
|ai_module   | A*B         | 30     | 18     | -      | -      | 22     | 0    | 0    | -    | -    | -     | 0    | 0    | 
|ai_module   | Dynamic     | -      | -      | -      | -      | 32     | -    | -    | -    | -    | -     | 0    | 0    | 
|ai_module   | A*B         | 30     | 18     | -      | -      | 18     | 0    | 0    | -    | -    | -     | 0    | 0    | 
|ai_module   | Dynamic     | -      | -      | -      | -      | 32     | -    | -    | -    | -    | -     | 0    | 0    | 
|ai_module   | A*B         | 30     | 5      | -      | -      | 18     | 0    | 0    | -    | -    | -     | 0    | 0    | 
|ai_module   | Dynamic     | -      | -      | -      | -      | 32     | -    | -    | -    | -    | -     | 0    | 0    | 
|ai_module   | A*B         | 30     | 18     | -      | -      | 19     | 0    | 0    | -    | -    | -     | 0    | 0    | 
|ai_module   | Dynamic     | -      | -      | -      | -      | 32     | -    | -    | -    | -    | -     | 0    | 0    | 
|ai_module   | A*B         | 30     | 18     | -      | -      | 20     | 0    | 0    | -    | -    | -     | 0    | 0    | 
|ai_module   | Dynamic     | -      | -      | -      | -      | 32     | -    | -    | -    | -    | -     | 0    | 0    | 
|ai_module   | A*B         | 30     | 18     | -      | -      | 21     | 0    | 0    | -    | -    | -     | 0    | 0    | 
|ai_module   | Dynamic     | -      | -      | -      | -      | 32     | -    | -    | -    | -    | -     | 0    | 0    | 
|ai_module   | A*B         | 30     | 8      | -      | -      | 21     | 0    | 0    | -    | -    | -     | 0    | 0    | 
|ai_module   | Dynamic     | -      | -      | -      | -      | 32     | -    | -    | -    | -    | -     | 0    | 0    | 
|ai_module   | A*B         | 30     | 7      | -      | -      | 20     | 0    | 0    | -    | -    | -     | 0    | 0    | 
|ai_module   | Dynamic     | -      | -      | -      | -      | 32     | -    | -    | -    | -    | -     | 0    | 0    | 
|ai_module   | A*B         | 30     | 8      | -      | -      | 21     | 0    | 0    | -    | -    | -     | 0    | 0    | 
|ai_module   | Dynamic     | -      | -      | -      | -      | 32     | -    | -    | -    | -    | -     | 0    | 0    | 
|ai_module   | A*B         | 30     | 7      | -      | -      | 20     | 0    | 0    | -    | -    | -     | 0    | 0    | 
|ai_module   | Dynamic     | -      | -      | -      | -      | 32     | -    | -    | -    | -    | -     | 0    | 0    | 
|ai_module   | A*B         | 30     | 18     | -      | -      | 22     | 0    | 0    | -    | -    | -     | 0    | 0    | 
|ai_module   | Dynamic     | -      | -      | -      | -      | 32     | -    | -    | -    | -    | -     | 0    | 0    | 
|ai_module   | A*B         | 30     | 18     | -      | -      | 20     | 0    | 0    | -    | -    | -     | 0    | 0    | 
|ai_module   | Dynamic     | -      | -      | -      | -      | 32     | -    | -    | -    | -    | -     | 0    | 0    | 
|ai_module   | A*B         | 30     | 18     | -      | -      | 21     | 0    | 0    | -    | -    | -     | 0    | 0    | 
|ai_module   | Dynamic     | -      | -      | -      | -      | 32     | -    | -    | -    | -    | -     | 0    | 0    | 
|ai_module   | A*B         | 30     | 18     | -      | -      | 21     | 0    | 0    | -    | -    | -     | 0    | 0    | 
|ai_module   | Dynamic     | -      | -      | -      | -      | 32     | -    | -    | -    | -    | -     | 0    | 0    | 
|ai_module   | A*B         | 30     | 18     | -      | -      | 23     | 0    | 0    | -    | -    | -     | 0    | 0    | 
|ai_module   | Dynamic     | -      | -      | -      | -      | 32     | -    | -    | -    | -    | -     | 0    | 0    | 
|ai_module   | A*B         | 30     | 18     | -      | -      | 23     | 0    | 0    | -    | -    | -     | 0    | 0    | 
|ai_module   | Dynamic     | -      | -      | -      | -      | 32     | -    | -    | -    | -    | -     | 0    | 0    | 
+------------+-------------+--------+--------+--------+--------+--------+------+------+------+------+-------+------+------+


Report BlackBoxes: 
+-+--------------+----------+
| |BlackBox name |Instances |
+-+--------------+----------+
+-+--------------+----------+

Report Cell Usage: 
+------+--------+------+
|      |Cell    |Count |
+------+--------+------+
|1     |BUFG    |     2|
|2     |CARRY4  |  4113|
|3     |DSP48E1 |    36|
|4     |LUT1    |  1120|
|5     |LUT2    |  5534|
|6     |LUT3    |  5228|
|7     |LUT4    |  4828|
|8     |LUT5    |  3431|
|9     |LUT6    |  4520|
|10    |FDRE    |   198|
|11    |FDSE    |    10|
|12    |IBUF    |    13|
|13    |OBUF    |    15|
+------+--------+------+
---------------------------------------------------------------------------------
Finished Writing Synthesis Report : Time (s): cpu = 00:01:20 ; elapsed = 00:01:22 . Memory (MB): peak = 2415.656 ; gain = 982.355 ; free physical = 5100 ; free virtual = 10309
---------------------------------------------------------------------------------
Synthesis finished with 0 errors, 0 critical warnings and 1 warnings.
Synthesis Optimization Runtime : Time (s): cpu = 00:01:18 ; elapsed = 00:01:20 . Memory (MB): peak = 2415.656 ; gain = 846.605 ; free physical = 5099 ; free virtual = 10308
Synthesis Optimization Complete : Time (s): cpu = 00:01:20 ; elapsed = 00:01:22 . Memory (MB): peak = 2415.664 ; gain = 982.355 ; free physical = 5099 ; free virtual = 10308
INFO: [Project 1-571] Translating synthesized netlist
Netlist sorting complete. Time (s): cpu = 00:00:00.21 ; elapsed = 00:00:00.21 . Memory (MB): peak = 2415.664 ; gain = 0.000 ; free physical = 5262 ; free virtual = 10471
INFO: [Netlist 29-17] Analyzing 4149 Unisim elements for replacement
INFO: [Netlist 29-28] Unisim Transformation completed in 0 CPU seconds
WARNING: [Netlist 29-101] Netlist 'pong_top' is not ideal for floorplanning, since the cellview 'ai_module' contains a large number of primitives.  Please consider enabling hierarchy in synthesis if you want to do floorplanning.
INFO: [Project 1-570] Preparing netlist for logic optimization
INFO: [Opt 31-138] Pushed 0 inverter(s) to 0 load pin(s).
Netlist sorting complete. Time (s): cpu = 00:00:00.01 ; elapsed = 00:00:00 . Memory (MB): peak = 2471.684 ; gain = 0.000 ; free physical = 5264 ; free virtual = 10473
INFO: [Project 1-111] Unisim Transformation Summary:
No Unisim elements were transformed.

Synth Design complete | Checksum: 64f86d36
INFO: [Common 17-83] Releasing license: Synthesis
32 Infos, 19 Warnings, 1 Critical Warnings and 0 Errors encountered.
synth_design completed successfully
synth_design: Time (s): cpu = 00:01:32 ; elapsed = 00:01:32 . Memory (MB): peak = 2471.684 ; gain = 1038.387 ; free physical = 5260 ; free virtual = 10469
INFO: [Common 17-2834] synth_design peak Physical Memory [PSS] (MB): overall = 1841.309; main = 1636.113; forked = 265.982
INFO: [Common 17-2834] synth_design peak Virtual Memory [VSS] (MB): overall = 3336.535; main = 2471.688; forked = 920.875
INFO: [runtcl-6] Synthesis results are not added to the cache due to CRITICAL_WARNING
Write ShapeDB Complete: Time (s): cpu = 00:00:00.2 ; elapsed = 00:00:00.07 . Memory (MB): peak = 2495.695 ; gain = 0.000 ; free physical = 5256 ; free virtual = 10469
INFO: [Common 17-1381] The checkpoint '/home/kimyujeong/pong_project/pong_project.runs/synth_1/pong_top.dcp' has been generated.
INFO: [Vivado 12-24828] Executing command : report_utilization -file pong_top_utilization_synth.rpt -pb pong_top_utilization_synth.pb
INFO: [Common 17-206] Exiting Vivado at Tue Mar 31 15:11:28 2026...
